<?xml version="1.0" encoding="UTF-8"?>
<!-- Generated by org.testng.reporters.JUnitReportReporter -->
<testsuite hostname="INPNB77889" failures="0" tests="1" name="FrameworkPrac.TestCaseStackoverFlow" time="5.685" errors="0" timestamp="2023-05-01T19:06:39 IST" skipped="0">
  <testcase classname="FrameworkPrac.TestCaseStackoverFlow" name="tc001_validate_signup_Flow" time="5.685"/>
  <system-out/>
</testsuite> <!-- FrameworkPrac.TestCaseStackoverFlow -->
