<?xml version="1.0" encoding="UTF-8"?>
<!-- Generated by org.testng.reporters.JUnitReportReporter -->
<testsuite hostname="INPNB77889" failures="0" tests="1" name="Assignment.AssertValidationPractise" time="4.894" errors="0" timestamp="2023-04-30T19:55:34 IST" skipped="0">
  <testcase classname="Assignment.AssertValidationPractise" name="validationOfSeleniumPage" time="4.894"/>
  <system-out/>
</testsuite> <!-- Assignment.AssertValidationPractise -->
