<?xml version="1.0" encoding="UTF-8"?>
<!-- Generated by org.testng.reporters.JUnitReportReporter -->
<testsuite hostname="INPNB77889" failures="0" tests="1" name="test.OnePrintProgram" time="0.008" errors="0" timestamp="2023-03-25T15:41:08 IST" skipped="0">
  <testcase classname="test.OnePrintProgram" name="oneNumber" time="0.008"/>
  <system-out/>
</testsuite> <!-- test.OnePrintProgram -->
