<?xml version="1.0" encoding="UTF-8"?>
<!-- Generated by org.testng.reporters.JUnitReportReporter -->
<testsuite hostname="INPNB77889" failures="0" tests="1" name="Assignment.Amazon" time="23.305" errors="0" timestamp="2023-05-16T08:08:00 IST" skipped="0">
  <testcase classname="Assignment.Amazon" name="regAmazon" time="23.305"/>
  <system-out/>
</testsuite> <!-- Assignment.Amazon -->
