<?xml version="1.0" encoding="UTF-8"?>
<!-- Generated by org.testng.reporters.JUnitReportReporter -->
<testsuite hostname="INPNB77889" failures="0" tests="1" name="test.practise" time="0.007" errors="0" timestamp="2023-04-01T16:23:44 IST" skipped="0">
  <testcase classname="test.practise" name="primeNumber" time="0.007"/>
  <system-out/>
</testsuite> <!-- test.practise -->
