<?xml version="1.0" encoding="UTF-8"?>
<!-- Generated by org.testng.reporters.JUnitReportReporter -->
<testsuite hostname="INPNB77889" failures="0" tests="1" name="test.windowsHandling" time="3.717" errors="0" timestamp="2023-04-23T16:15:56 IST" skipped="0">
  <testcase classname="test.windowsHandling" name="wHandling" time="3.717"/>
  <system-out/>
</testsuite> <!-- test.windowsHandling -->
