<?xml version="1.0" encoding="UTF-8"?>
<!-- Generated by org.testng.reporters.JUnitReportReporter -->
<testsuite hostname="INPNB77889" failures="0" tests="1" name="Assignment.SeleniumAssignment" time="5.364" errors="0" timestamp="2023-04-26T09:36:02 IST" skipped="0">
  <testcase classname="Assignment.SeleniumAssignment" name="handlingAlerts" time="5.364"/>
  <system-out/>
</testsuite> <!-- Assignment.SeleniumAssignment -->
