<?xml version="1.0" encoding="UTF-8"?>
<!-- Generated by org.testng.reporters.JUnitReportReporter -->
<testsuite hostname="INPNB77889" failures="0" tests="1" name="StackOverFlowPractise.StackOverFlowClassPractise" time="5.156" errors="0" timestamp="2023-05-01T12:36:39 IST" skipped="0">
  <testcase classname="StackOverFlowPractise.StackOverFlowClassPractise" name="logInFlowValidation" time="5.156"/>
  <system-out/>
</testsuite> <!-- StackOverFlowPractise.StackOverFlowClassPractise -->
